
*** Running vivado
    with args -log design_1_dlmb_v10_1.vds -m64 -product Vivado -mode batch -messageDb vivado.pb -notrace -source design_1_dlmb_v10_1.tcl



****** Vivado v2024.1.2 (64-bit)
  **** SW Build 5164865 on Thu Sep  5 14:37:11 MDT 2024
  **** IP Build 5164407 on Fri Sep  6 08:18:11 MDT 2024
  **** SharedData Build 5164864 on Thu Sep 05 13:09:09 MDT 2024
  **** Start of session at: Fri Mar  7 10:52:21 2025
    ** Copyright 1986-2022 Xilinx, Inc. All Rights Reserved.
    ** Copyright 2022-2024 Advanced Micro Devices, Inc. All Rights Reserved.

source design_1_dlmb_v10_1.tcl -notrace
create_project: Time (s): cpu = 00:00:10 ; elapsed = 00:00:12 . Memory (MB): peak = 491.988 ; gain = 137.609
INFO: [IP_Flow 19-6924] IPCACHE: Running cache check for IP inst: design_1_dlmb_v10_1
Command: synth_design -top design_1_dlmb_v10_1 -part xc7a200tsbg484-1 -incremental_mode off -mode out_of_context
Starting synth_design
Attempting to get a license for feature 'Synthesis' and/or device 'xc7a200t'
INFO: [Common 17-349] Got license for feature 'Synthesis' and/or device 'xc7a200t'
INFO: [Device 21-403] Loading part xc7a200tsbg484-1
INFO: [Device 21-9227] Part: xc7a200tsbg484-1 does not have CEAM library.
INFO: [Synth 8-7079] Multithreading enabled for synth_design using a maximum of 2 processes.
INFO: [Synth 8-7078] Launching helper process for spawning children vivado processes
INFO: [Synth 8-7075] Helper process launched with PID 22300
---------------------------------------------------------------------------------
Starting RTL Elaboration : Time (s): cpu = 00:00:07 ; elapsed = 00:00:11 . Memory (MB): peak = 1410.875 ; gain = 445.938
---------------------------------------------------------------------------------
INFO: [Synth 8-638] synthesizing module 'design_1_dlmb_v10_1' [c:/Users/JEFF/MICROBLAZE_V_AXI/MICROBLAZE_V_AXI.gen/sources_1/bd/design_1/ip/design_1_dlmb_v10_1/synth/design_1_dlmb_v10_1.vhd:89]
	Parameter C_LMB_NUM_SLAVES bound to: 1 - type: integer 
	Parameter C_LMB_DWIDTH bound to: 32 - type: integer 
	Parameter C_LMB_AWIDTH bound to: 32 - type: integer 
	Parameter C_LMB_PROTOCOL bound to: 0 - type: integer 
	Parameter C_EXT_RESET_HIGH bound to: 1 - type: integer 
INFO: [Synth 8-3491] module 'lmb_v10' declared at 'c:/Users/JEFF/MICROBLAZE_V_AXI/MICROBLAZE_V_AXI.gen/sources_1/bd/design_1/ipshared/7495/hdl/lmb_v10_v3_0_vh_rfs.vhd:91' bound to instance 'U0' of component 'lmb_v10' [c:/Users/JEFF/MICROBLAZE_V_AXI/MICROBLAZE_V_AXI.gen/sources_1/bd/design_1/ip/design_1_dlmb_v10_1/synth/design_1_dlmb_v10_1.vhd:165]
INFO: [Synth 8-638] synthesizing module 'lmb_v10' [c:/Users/JEFF/MICROBLAZE_V_AXI/MICROBLAZE_V_AXI.gen/sources_1/bd/design_1/ipshared/7495/hdl/lmb_v10_v3_0_vh_rfs.vhd:140]
INFO: [Synth 8-3491] module 'FDS' declared at 'C:/Xilinx/Vivado/2024.1/scripts/rt/data/unisim_comp.v:41137' bound to instance 'POR_FF_I' of component 'FDS' [c:/Users/JEFF/MICROBLAZE_V_AXI/MICROBLAZE_V_AXI.gen/sources_1/bd/design_1/ipshared/7495/hdl/lmb_v10_v3_0_vh_rfs.vhd:170]
INFO: [Synth 8-6157] synthesizing module 'FDS' [C:/Xilinx/Vivado/2024.1/scripts/rt/data/unisim_comp.v:41137]
INFO: [Synth 8-6155] done synthesizing module 'FDS' (0#1) [C:/Xilinx/Vivado/2024.1/scripts/rt/data/unisim_comp.v:41137]
INFO: [Synth 8-256] done synthesizing module 'lmb_v10' (0#1) [c:/Users/JEFF/MICROBLAZE_V_AXI/MICROBLAZE_V_AXI.gen/sources_1/bd/design_1/ipshared/7495/hdl/lmb_v10_v3_0_vh_rfs.vhd:140]
INFO: [Synth 8-256] done synthesizing module 'design_1_dlmb_v10_1' (0#1) [c:/Users/JEFF/MICROBLAZE_V_AXI/MICROBLAZE_V_AXI.gen/sources_1/bd/design_1/ip/design_1_dlmb_v10_1/synth/design_1_dlmb_v10_1.vhd:89]
---------------------------------------------------------------------------------
Finished RTL Elaboration : Time (s): cpu = 00:00:09 ; elapsed = 00:00:14 . Memory (MB): peak = 1524.219 ; gain = 559.281
---------------------------------------------------------------------------------
---------------------------------------------------------------------------------
Start Handling Custom Attributes
---------------------------------------------------------------------------------
---------------------------------------------------------------------------------
Finished Handling Custom Attributes : Time (s): cpu = 00:00:09 ; elapsed = 00:00:14 . Memory (MB): peak = 1524.219 ; gain = 559.281
---------------------------------------------------------------------------------
---------------------------------------------------------------------------------
Finished RTL Optimization Phase 1 : Time (s): cpu = 00:00:09 ; elapsed = 00:00:14 . Memory (MB): peak = 1524.219 ; gain = 559.281
---------------------------------------------------------------------------------
Netlist sorting complete. Time (s): cpu = 00:00:00 ; elapsed = 00:00:00.003 . Memory (MB): peak = 1524.219 ; gain = 0.000
INFO: [Netlist 29-17] Analyzing 1 Unisim elements for replacement
INFO: [Netlist 29-28] Unisim Transformation completed in 0 CPU seconds
INFO: [Project 1-570] Preparing netlist for logic optimization

Processing XDC Constraints
Initializing timing engine
Parsing XDC File [c:/Users/JEFF/MICROBLAZE_V_AXI/MICROBLAZE_V_AXI.gen/sources_1/bd/design_1/ip/design_1_dlmb_v10_1/design_1_dlmb_v10_1_ooc.xdc] for cell 'U0'
Finished Parsing XDC File [c:/Users/JEFF/MICROBLAZE_V_AXI/MICROBLAZE_V_AXI.gen/sources_1/bd/design_1/ip/design_1_dlmb_v10_1/design_1_dlmb_v10_1_ooc.xdc] for cell 'U0'
Parsing XDC File [C:/Users/JEFF/MICROBLAZE_V_AXI/MICROBLAZE_V_AXI.runs/design_1_dlmb_v10_1_synth_1/dont_touch.xdc]
Finished Parsing XDC File [C:/Users/JEFF/MICROBLAZE_V_AXI/MICROBLAZE_V_AXI.runs/design_1_dlmb_v10_1_synth_1/dont_touch.xdc]
Completed Processing XDC Constraints

Netlist sorting complete. Time (s): cpu = 00:00:00 ; elapsed = 00:00:00 . Memory (MB): peak = 1543.273 ; gain = 0.000
INFO: [Project 1-111] Unisim Transformation Summary:
  A total of 1 instances were transformed.
  FDS => FDSE: 1 instance 

Constraint Validation Runtime : Time (s): cpu = 00:00:00 ; elapsed = 00:00:00.108 . Memory (MB): peak = 1543.273 ; gain = 0.000
INFO: [Designutils 20-5008] Incremental synthesis strategy off
---------------------------------------------------------------------------------
Finished Constraint Validation : Time (s): cpu = 00:00:20 ; elapsed = 00:00:32 . Memory (MB): peak = 1543.273 ; gain = 578.336
---------------------------------------------------------------------------------
---------------------------------------------------------------------------------
Start Loading Part and Timing Information
---------------------------------------------------------------------------------
Loading part: xc7a200tsbg484-1
---------------------------------------------------------------------------------
Finished Loading Part and Timing Information : Time (s): cpu = 00:00:20 ; elapsed = 00:00:32 . Memory (MB): peak = 1543.273 ; gain = 578.336
---------------------------------------------------------------------------------
---------------------------------------------------------------------------------
Start Applying 'set_property' XDC Constraints
---------------------------------------------------------------------------------
Applied set_property KEEP_HIERARCHY = SOFT for U0. (constraint file  C:/Users/JEFF/MICROBLAZE_V_AXI/MICROBLAZE_V_AXI.runs/design_1_dlmb_v10_1_synth_1/dont_touch.xdc, line 9).
---------------------------------------------------------------------------------
Finished applying 'set_property' XDC Constraints : Time (s): cpu = 00:00:20 ; elapsed = 00:00:32 . Memory (MB): peak = 1543.273 ; gain = 578.336
---------------------------------------------------------------------------------
---------------------------------------------------------------------------------
Finished RTL Optimization Phase 2 : Time (s): cpu = 00:00:20 ; elapsed = 00:00:33 . Memory (MB): peak = 1543.273 ; gain = 578.336
---------------------------------------------------------------------------------
---------------------------------------------------------------------------------
Start RTL Component Statistics 
---------------------------------------------------------------------------------
Detailed RTL Component Info : 
---------------------------------------------------------------------------------
Finished RTL Component Statistics 
---------------------------------------------------------------------------------
---------------------------------------------------------------------------------
Start Part Resource Summary
---------------------------------------------------------------------------------
Part Resources:
DSPs: 740 (col length:100)
BRAMs: 730 (col length: RAMB18 100 RAMB36 50)
---------------------------------------------------------------------------------
Finished Part Resource Summary
---------------------------------------------------------------------------------
---------------------------------------------------------------------------------
Start Cross Boundary and Area Optimization
---------------------------------------------------------------------------------
WARNING: [Synth 8-7080] Parallel synthesis criteria is not met
---------------------------------------------------------------------------------
Finished Cross Boundary and Area Optimization : Time (s): cpu = 00:00:23 ; elapsed = 00:00:36 . Memory (MB): peak = 1543.273 ; gain = 578.336
---------------------------------------------------------------------------------
---------------------------------------------------------------------------------
Start Applying XDC Timing Constraints
---------------------------------------------------------------------------------
---------------------------------------------------------------------------------
Finished Applying XDC Timing Constraints : Time (s): cpu = 00:00:31 ; elapsed = 00:00:44 . Memory (MB): peak = 1543.273 ; gain = 578.336
---------------------------------------------------------------------------------
---------------------------------------------------------------------------------
Start Timing Optimization
---------------------------------------------------------------------------------
---------------------------------------------------------------------------------
Finished Timing Optimization : Time (s): cpu = 00:00:31 ; elapsed = 00:00:44 . Memory (MB): peak = 1543.273 ; gain = 578.336
---------------------------------------------------------------------------------
---------------------------------------------------------------------------------
Start Technology Mapping
---------------------------------------------------------------------------------
---------------------------------------------------------------------------------
Finished Technology Mapping : Time (s): cpu = 00:00:31 ; elapsed = 00:00:44 . Memory (MB): peak = 1543.273 ; gain = 578.336
---------------------------------------------------------------------------------
---------------------------------------------------------------------------------
Start IO Insertion
---------------------------------------------------------------------------------
---------------------------------------------------------------------------------
Start Flattening Before IO Insertion
---------------------------------------------------------------------------------
---------------------------------------------------------------------------------
Finished Flattening Before IO Insertion
---------------------------------------------------------------------------------
---------------------------------------------------------------------------------
Start Final Netlist Cleanup
---------------------------------------------------------------------------------
---------------------------------------------------------------------------------
Finished Final Netlist Cleanup
---------------------------------------------------------------------------------
---------------------------------------------------------------------------------
Finished IO Insertion : Time (s): cpu = 00:00:38 ; elapsed = 00:00:52 . Memory (MB): peak = 1543.273 ; gain = 578.336
---------------------------------------------------------------------------------
---------------------------------------------------------------------------------
Start Renaming Generated Instances
---------------------------------------------------------------------------------
---------------------------------------------------------------------------------
Finished Renaming Generated Instances : Time (s): cpu = 00:00:38 ; elapsed = 00:00:52 . Memory (MB): peak = 1543.273 ; gain = 578.336
---------------------------------------------------------------------------------
---------------------------------------------------------------------------------
Start Rebuilding User Hierarchy
---------------------------------------------------------------------------------
---------------------------------------------------------------------------------
Finished Rebuilding User Hierarchy : Time (s): cpu = 00:00:38 ; elapsed = 00:00:52 . Memory (MB): peak = 1543.273 ; gain = 578.336
---------------------------------------------------------------------------------
---------------------------------------------------------------------------------
Start Renaming Generated Ports
---------------------------------------------------------------------------------
---------------------------------------------------------------------------------
Finished Renaming Generated Ports : Time (s): cpu = 00:00:38 ; elapsed = 00:00:52 . Memory (MB): peak = 1543.273 ; gain = 578.336
---------------------------------------------------------------------------------
---------------------------------------------------------------------------------
Start Handling Custom Attributes
---------------------------------------------------------------------------------
---------------------------------------------------------------------------------
Finished Handling Custom Attributes : Time (s): cpu = 00:00:38 ; elapsed = 00:00:52 . Memory (MB): peak = 1543.273 ; gain = 578.336
---------------------------------------------------------------------------------
---------------------------------------------------------------------------------
Start Renaming Generated Nets
---------------------------------------------------------------------------------
---------------------------------------------------------------------------------
Finished Renaming Generated Nets : Time (s): cpu = 00:00:38 ; elapsed = 00:00:52 . Memory (MB): peak = 1543.273 ; gain = 578.336
---------------------------------------------------------------------------------
---------------------------------------------------------------------------------
Start Writing Synthesis Report
---------------------------------------------------------------------------------

Report BlackBoxes: 
+-+--------------+----------+
| |BlackBox name |Instances |
+-+--------------+----------+
+-+--------------+----------+

Report Cell Usage: 
+------+-----+------+
|      |Cell |Count |
+------+-----+------+
|1     |FDS  |     1|
+------+-----+------+
---------------------------------------------------------------------------------
Finished Writing Synthesis Report : Time (s): cpu = 00:00:38 ; elapsed = 00:00:52 . Memory (MB): peak = 1543.273 ; gain = 578.336
---------------------------------------------------------------------------------
Synthesis finished with 0 errors, 0 critical warnings and 1 warnings.
Synthesis Optimization Runtime : Time (s): cpu = 00:00:26 ; elapsed = 00:00:44 . Memory (MB): peak = 1543.273 ; gain = 559.281
Synthesis Optimization Complete : Time (s): cpu = 00:00:38 ; elapsed = 00:00:52 . Memory (MB): peak = 1543.273 ; gain = 578.336
INFO: [Project 1-571] Translating synthesized netlist
Netlist sorting complete. Time (s): cpu = 00:00:00 ; elapsed = 00:00:00.004 . Memory (MB): peak = 1543.273 ; gain = 0.000
INFO: [Netlist 29-17] Analyzing 1 Unisim elements for replacement
INFO: [Netlist 29-28] Unisim Transformation completed in 0 CPU seconds
INFO: [Project 1-570] Preparing netlist for logic optimization
INFO: [Opt 31-138] Pushed 0 inverter(s) to 0 load pin(s).
Netlist sorting complete. Time (s): cpu = 00:00:00 ; elapsed = 00:00:00 . Memory (MB): peak = 1543.273 ; gain = 0.000
INFO: [Project 1-111] Unisim Transformation Summary:
  A total of 1 instances were transformed.
  FDS => FDSE: 1 instance 

Synth Design complete | Checksum: 4bc956a4
INFO: [Common 17-83] Releasing license: Synthesis
27 Infos, 1 Warnings, 0 Critical Warnings and 0 Errors encountered.
synth_design completed successfully
synth_design: Time (s): cpu = 00:00:45 ; elapsed = 00:01:03 . Memory (MB): peak = 1543.273 ; gain = 1037.398
INFO: [Common 17-1381] The checkpoint 'C:/Users/JEFF/MICROBLAZE_V_AXI/MICROBLAZE_V_AXI.runs/design_1_dlmb_v10_1_synth_1/design_1_dlmb_v10_1.dcp' has been generated.
INFO: [Coretcl 2-1648] Added synthesis output to IP cache for IP design_1_dlmb_v10_1, cache-ID = a604373998fc4918
INFO: [Common 17-1381] The checkpoint 'C:/Users/JEFF/MICROBLAZE_V_AXI/MICROBLAZE_V_AXI.runs/design_1_dlmb_v10_1_synth_1/design_1_dlmb_v10_1.dcp' has been generated.
INFO: [Vivado 12-24828] Executing command : report_utilization -file design_1_dlmb_v10_1_utilization_synth.rpt -pb design_1_dlmb_v10_1_utilization_synth.pb
INFO: [Common 17-206] Exiting Vivado at Fri Mar  7 10:53:43 2025...
