
*** Running vivado
    with args -log design_1_wrapper.vds -m64 -product Vivado -mode batch -messageDb vivado.pb -notrace -source design_1_wrapper.tcl



****** Vivado v2024.1.2 (64-bit)
  **** SW Build 5164865 on Thu Sep  5 14:37:11 MDT 2024
  **** IP Build 5164407 on Fri Sep  6 08:18:11 MDT 2024
  **** SharedData Build 5164864 on Thu Sep 05 13:09:09 MDT 2024
  **** Start of session at: Fri Mar  7 10:54:21 2025
    ** Copyright 1986-2022 Xilinx, Inc. All Rights Reserved.
    ** Copyright 2022-2024 Advanced Micro Devices, Inc. All Rights Reserved.

source design_1_wrapper.tcl -notrace
create_project: Time (s): cpu = 00:00:05 ; elapsed = 00:00:06 . Memory (MB): peak = 491.285 ; gain = 127.336
INFO: [IP_Flow 19-234] Refreshing IP repositories
INFO: [IP_Flow 19-1704] No user IP repositories specified
INFO: [IP_Flow 19-2313] Loaded Vivado IP repository 'C:/Xilinx/Vivado/2024.1/data/ip'.
Command: synth_design -top design_1_wrapper -part xc7a200tsbg484-1
Starting synth_design
Attempting to get a license for feature 'Synthesis' and/or device 'xc7a200t'
INFO: [Common 17-349] Got license for feature 'Synthesis' and/or device 'xc7a200t'
INFO: [Device 21-403] Loading part xc7a200tsbg484-1
INFO: [Device 21-9227] Part: xc7a200tsbg484-1 does not have CEAM library.
INFO: [Synth 8-7079] Multithreading enabled for synth_design using a maximum of 2 processes.
INFO: [Synth 8-7078] Launching helper process for spawning children vivado processes
INFO: [Synth 8-7075] Helper process launched with PID 20924
---------------------------------------------------------------------------------
Starting RTL Elaboration : Time (s): cpu = 00:00:04 ; elapsed = 00:00:04 . Memory (MB): peak = 1436.922 ; gain = 447.223
---------------------------------------------------------------------------------
INFO: [Synth 8-6157] synthesizing module 'design_1_wrapper' [c:/Users/JEFF/MICROBLAZE_V_AXI/MICROBLAZE_V_AXI.gen/sources_1/bd/design_1/hdl/design_1_wrapper.v:13]
INFO: [Synth 8-6157] synthesizing module 'design_1' [c:/Users/JEFF/MICROBLAZE_V_AXI/MICROBLAZE_V_AXI.gen/sources_1/bd/design_1/synth/design_1.v:13]
INFO: [Synth 8-6157] synthesizing module 'design_1_axi_uartlite_0_0' [C:/Users/JEFF/MICROBLAZE_V_AXI/MICROBLAZE_V_AXI.runs/synth_1/.Xil/Vivado-5868-DESKTOP-LQBVH1M/realtime/design_1_axi_uartlite_0_0_stub.v:6]
INFO: [Synth 8-6155] done synthesizing module 'design_1_axi_uartlite_0_0' (0#1) [C:/Users/JEFF/MICROBLAZE_V_AXI/MICROBLAZE_V_AXI.runs/synth_1/.Xil/Vivado-5868-DESKTOP-LQBVH1M/realtime/design_1_axi_uartlite_0_0_stub.v:6]
WARNING: [Synth 8-7071] port 'interrupt' of module 'design_1_axi_uartlite_0_0' is unconnected for instance 'axi_uartlite_0' [c:/Users/JEFF/MICROBLAZE_V_AXI/MICROBLAZE_V_AXI.gen/sources_1/bd/design_1/synth/design_1.v:124]
WARNING: [Synth 8-7023] instance 'axi_uartlite_0' of module 'design_1_axi_uartlite_0_0' has 22 connections declared, but only 21 given [c:/Users/JEFF/MICROBLAZE_V_AXI/MICROBLAZE_V_AXI.gen/sources_1/bd/design_1/synth/design_1.v:124]
INFO: [Synth 8-6157] synthesizing module 'design_1_clk_wiz_1_1' [C:/Users/JEFF/MICROBLAZE_V_AXI/MICROBLAZE_V_AXI.runs/synth_1/.Xil/Vivado-5868-DESKTOP-LQBVH1M/realtime/design_1_clk_wiz_1_1_stub.v:6]
INFO: [Synth 8-6155] done synthesizing module 'design_1_clk_wiz_1_1' (0#1) [C:/Users/JEFF/MICROBLAZE_V_AXI/MICROBLAZE_V_AXI.runs/synth_1/.Xil/Vivado-5868-DESKTOP-LQBVH1M/realtime/design_1_clk_wiz_1_1_stub.v:6]
INFO: [Synth 8-6157] synthesizing module 'design_1_mdm_1_1' [C:/Users/JEFF/MICROBLAZE_V_AXI/MICROBLAZE_V_AXI.runs/synth_1/.Xil/Vivado-5868-DESKTOP-LQBVH1M/realtime/design_1_mdm_1_1_stub.v:6]
INFO: [Synth 8-6155] done synthesizing module 'design_1_mdm_1_1' (0#1) [C:/Users/JEFF/MICROBLAZE_V_AXI/MICROBLAZE_V_AXI.runs/synth_1/.Xil/Vivado-5868-DESKTOP-LQBVH1M/realtime/design_1_mdm_1_1_stub.v:6]
INFO: [Synth 8-6157] synthesizing module 'design_1_microblaze_riscv_0_0' [C:/Users/JEFF/MICROBLAZE_V_AXI/MICROBLAZE_V_AXI.runs/synth_1/.Xil/Vivado-5868-DESKTOP-LQBVH1M/realtime/design_1_microblaze_riscv_0_0_stub.v:6]
INFO: [Synth 8-6155] done synthesizing module 'design_1_microblaze_riscv_0_0' (0#1) [C:/Users/JEFF/MICROBLAZE_V_AXI/MICROBLAZE_V_AXI.runs/synth_1/.Xil/Vivado-5868-DESKTOP-LQBVH1M/realtime/design_1_microblaze_riscv_0_0_stub.v:6]
INFO: [Synth 8-6157] synthesizing module 'design_1_microblaze_riscv_0_axi_intc_0' [C:/Users/JEFF/MICROBLAZE_V_AXI/MICROBLAZE_V_AXI.runs/synth_1/.Xil/Vivado-5868-DESKTOP-LQBVH1M/realtime/design_1_microblaze_riscv_0_axi_intc_0_stub.v:6]
INFO: [Synth 8-6155] done synthesizing module 'design_1_microblaze_riscv_0_axi_intc_0' (0#1) [C:/Users/JEFF/MICROBLAZE_V_AXI/MICROBLAZE_V_AXI.runs/synth_1/.Xil/Vivado-5868-DESKTOP-LQBVH1M/realtime/design_1_microblaze_riscv_0_axi_intc_0_stub.v:6]
INFO: [Synth 8-6157] synthesizing module 'design_1_microblaze_riscv_0_axi_periph_0' [c:/Users/JEFF/MICROBLAZE_V_AXI/MICROBLAZE_V_AXI.gen/sources_1/bd/design_1/synth/design_1.v:341]
INFO: [Synth 8-6157] synthesizing module 'm00_couplers_imp_XH10JP' [c:/Users/JEFF/MICROBLAZE_V_AXI/MICROBLAZE_V_AXI.gen/sources_1/bd/design_1/synth/design_1.v:791]
INFO: [Synth 8-6155] done synthesizing module 'm00_couplers_imp_XH10JP' (0#1) [c:/Users/JEFF/MICROBLAZE_V_AXI/MICROBLAZE_V_AXI.gen/sources_1/bd/design_1/synth/design_1.v:791]
INFO: [Synth 8-6157] synthesizing module 'm01_couplers_imp_165PIW4' [c:/Users/JEFF/MICROBLAZE_V_AXI/MICROBLAZE_V_AXI.gen/sources_1/bd/design_1/synth/design_1.v:923]
INFO: [Synth 8-6155] done synthesizing module 'm01_couplers_imp_165PIW4' (0#1) [c:/Users/JEFF/MICROBLAZE_V_AXI/MICROBLAZE_V_AXI.gen/sources_1/bd/design_1/synth/design_1.v:923]
INFO: [Synth 8-6157] synthesizing module 's00_couplers_imp_ZYORBB' [c:/Users/JEFF/MICROBLAZE_V_AXI/MICROBLAZE_V_AXI.gen/sources_1/bd/design_1/synth/design_1.v:1289]
INFO: [Synth 8-6155] done synthesizing module 's00_couplers_imp_ZYORBB' (0#1) [c:/Users/JEFF/MICROBLAZE_V_AXI/MICROBLAZE_V_AXI.gen/sources_1/bd/design_1/synth/design_1.v:1289]
INFO: [Synth 8-6157] synthesizing module 'design_1_xbar_0' [C:/Users/JEFF/MICROBLAZE_V_AXI/MICROBLAZE_V_AXI.runs/synth_1/.Xil/Vivado-5868-DESKTOP-LQBVH1M/realtime/design_1_xbar_0_stub.v:6]
INFO: [Synth 8-6155] done synthesizing module 'design_1_xbar_0' (0#1) [C:/Users/JEFF/MICROBLAZE_V_AXI/MICROBLAZE_V_AXI.runs/synth_1/.Xil/Vivado-5868-DESKTOP-LQBVH1M/realtime/design_1_xbar_0_stub.v:6]
WARNING: [Synth 8-7071] port 'm_axi_awprot' of module 'design_1_xbar_0' is unconnected for instance 'xbar' [c:/Users/JEFF/MICROBLAZE_V_AXI/MICROBLAZE_V_AXI.gen/sources_1/bd/design_1/synth/design_1.v:750]
WARNING: [Synth 8-7071] port 'm_axi_arprot' of module 'design_1_xbar_0' is unconnected for instance 'xbar' [c:/Users/JEFF/MICROBLAZE_V_AXI/MICROBLAZE_V_AXI.gen/sources_1/bd/design_1/synth/design_1.v:750]
WARNING: [Synth 8-7023] instance 'xbar' of module 'design_1_xbar_0' has 40 connections declared, but only 38 given [c:/Users/JEFF/MICROBLAZE_V_AXI/MICROBLAZE_V_AXI.gen/sources_1/bd/design_1/synth/design_1.v:750]
INFO: [Synth 8-6155] done synthesizing module 'design_1_microblaze_riscv_0_axi_periph_0' (0#1) [c:/Users/JEFF/MICROBLAZE_V_AXI/MICROBLAZE_V_AXI.gen/sources_1/bd/design_1/synth/design_1.v:341]
INFO: [Synth 8-6157] synthesizing module 'microblaze_riscv_0_local_memory_imp_1TUIWYR' [c:/Users/JEFF/MICROBLAZE_V_AXI/MICROBLAZE_V_AXI.gen/sources_1/bd/design_1/synth/design_1.v:1055]
INFO: [Synth 8-6157] synthesizing module 'design_1_dlmb_bram_if_cntlr_1' [C:/Users/JEFF/MICROBLAZE_V_AXI/MICROBLAZE_V_AXI.runs/synth_1/.Xil/Vivado-5868-DESKTOP-LQBVH1M/realtime/design_1_dlmb_bram_if_cntlr_1_stub.v:6]
INFO: [Synth 8-6155] done synthesizing module 'design_1_dlmb_bram_if_cntlr_1' (0#1) [C:/Users/JEFF/MICROBLAZE_V_AXI/MICROBLAZE_V_AXI.runs/synth_1/.Xil/Vivado-5868-DESKTOP-LQBVH1M/realtime/design_1_dlmb_bram_if_cntlr_1_stub.v:6]
INFO: [Synth 8-6157] synthesizing module 'design_1_dlmb_v10_1' [C:/Users/JEFF/MICROBLAZE_V_AXI/MICROBLAZE_V_AXI.runs/synth_1/.Xil/Vivado-5868-DESKTOP-LQBVH1M/realtime/design_1_dlmb_v10_1_stub.v:6]
INFO: [Synth 8-6155] done synthesizing module 'design_1_dlmb_v10_1' (0#1) [C:/Users/JEFF/MICROBLAZE_V_AXI/MICROBLAZE_V_AXI.runs/synth_1/.Xil/Vivado-5868-DESKTOP-LQBVH1M/realtime/design_1_dlmb_v10_1_stub.v:6]
WARNING: [Synth 8-7071] port 'LMB_Rst' of module 'design_1_dlmb_v10_1' is unconnected for instance 'dlmb_v10' [c:/Users/JEFF/MICROBLAZE_V_AXI/MICROBLAZE_V_AXI.gen/sources_1/bd/design_1/synth/design_1.v:1201]
WARNING: [Synth 8-7023] instance 'dlmb_v10' of module 'design_1_dlmb_v10_1' has 25 connections declared, but only 24 given [c:/Users/JEFF/MICROBLAZE_V_AXI/MICROBLAZE_V_AXI.gen/sources_1/bd/design_1/synth/design_1.v:1201]
INFO: [Synth 8-6157] synthesizing module 'design_1_ilmb_bram_if_cntlr_1' [C:/Users/JEFF/MICROBLAZE_V_AXI/MICROBLAZE_V_AXI.runs/synth_1/.Xil/Vivado-5868-DESKTOP-LQBVH1M/realtime/design_1_ilmb_bram_if_cntlr_1_stub.v:6]
INFO: [Synth 8-6155] done synthesizing module 'design_1_ilmb_bram_if_cntlr_1' (0#1) [C:/Users/JEFF/MICROBLAZE_V_AXI/MICROBLAZE_V_AXI.runs/synth_1/.Xil/Vivado-5868-DESKTOP-LQBVH1M/realtime/design_1_ilmb_bram_if_cntlr_1_stub.v:6]
INFO: [Synth 8-6157] synthesizing module 'design_1_ilmb_v10_1' [C:/Users/JEFF/MICROBLAZE_V_AXI/MICROBLAZE_V_AXI.runs/synth_1/.Xil/Vivado-5868-DESKTOP-LQBVH1M/realtime/design_1_ilmb_v10_1_stub.v:6]
INFO: [Synth 8-6155] done synthesizing module 'design_1_ilmb_v10_1' (0#1) [C:/Users/JEFF/MICROBLAZE_V_AXI/MICROBLAZE_V_AXI.runs/synth_1/.Xil/Vivado-5868-DESKTOP-LQBVH1M/realtime/design_1_ilmb_v10_1_stub.v:6]
WARNING: [Synth 8-7071] port 'LMB_Rst' of module 'design_1_ilmb_v10_1' is unconnected for instance 'ilmb_v10' [c:/Users/JEFF/MICROBLAZE_V_AXI/MICROBLAZE_V_AXI.gen/sources_1/bd/design_1/synth/design_1.v:1247]
WARNING: [Synth 8-7023] instance 'ilmb_v10' of module 'design_1_ilmb_v10_1' has 25 connections declared, but only 24 given [c:/Users/JEFF/MICROBLAZE_V_AXI/MICROBLAZE_V_AXI.gen/sources_1/bd/design_1/synth/design_1.v:1247]
INFO: [Synth 8-6157] synthesizing module 'design_1_lmb_bram_1' [C:/Users/JEFF/MICROBLAZE_V_AXI/MICROBLAZE_V_AXI.runs/synth_1/.Xil/Vivado-5868-DESKTOP-LQBVH1M/realtime/design_1_lmb_bram_1_stub.v:6]
INFO: [Synth 8-6155] done synthesizing module 'design_1_lmb_bram_1' (0#1) [C:/Users/JEFF/MICROBLAZE_V_AXI/MICROBLAZE_V_AXI.runs/synth_1/.Xil/Vivado-5868-DESKTOP-LQBVH1M/realtime/design_1_lmb_bram_1_stub.v:6]
WARNING: [Synth 8-7071] port 'rsta_busy' of module 'design_1_lmb_bram_1' is unconnected for instance 'lmb_bram' [c:/Users/JEFF/MICROBLAZE_V_AXI/MICROBLAZE_V_AXI.gen/sources_1/bd/design_1/synth/design_1.v:1272]
WARNING: [Synth 8-7071] port 'rstb_busy' of module 'design_1_lmb_bram_1' is unconnected for instance 'lmb_bram' [c:/Users/JEFF/MICROBLAZE_V_AXI/MICROBLAZE_V_AXI.gen/sources_1/bd/design_1/synth/design_1.v:1272]
WARNING: [Synth 8-7023] instance 'lmb_bram' of module 'design_1_lmb_bram_1' has 16 connections declared, but only 14 given [c:/Users/JEFF/MICROBLAZE_V_AXI/MICROBLAZE_V_AXI.gen/sources_1/bd/design_1/synth/design_1.v:1272]
INFO: [Synth 8-6155] done synthesizing module 'microblaze_riscv_0_local_memory_imp_1TUIWYR' (0#1) [c:/Users/JEFF/MICROBLAZE_V_AXI/MICROBLAZE_V_AXI.gen/sources_1/bd/design_1/synth/design_1.v:1055]
INFO: [Synth 8-6157] synthesizing module 'design_1_microblaze_riscv_0_xlconcat_0' [c:/Users/JEFF/MICROBLAZE_V_AXI/MICROBLAZE_V_AXI.gen/sources_1/bd/design_1/ip/design_1_microblaze_riscv_0_xlconcat_0/synth/design_1_microblaze_riscv_0_xlconcat_0.v:53]
INFO: [Synth 8-6157] synthesizing module 'xlconcat_v2_1_6_xlconcat' [c:/Users/JEFF/MICROBLAZE_V_AXI/MICROBLAZE_V_AXI.gen/sources_1/bd/design_1/ipshared/6120/hdl/xlconcat_v2_1_vl_rfs.v:59]
INFO: [Synth 8-6155] done synthesizing module 'xlconcat_v2_1_6_xlconcat' (0#1) [c:/Users/JEFF/MICROBLAZE_V_AXI/MICROBLAZE_V_AXI.gen/sources_1/bd/design_1/ipshared/6120/hdl/xlconcat_v2_1_vl_rfs.v:59]
INFO: [Synth 8-6155] done synthesizing module 'design_1_microblaze_riscv_0_xlconcat_0' (0#1) [c:/Users/JEFF/MICROBLAZE_V_AXI/MICROBLAZE_V_AXI.gen/sources_1/bd/design_1/ip/design_1_microblaze_riscv_0_xlconcat_0/synth/design_1_microblaze_riscv_0_xlconcat_0.v:53]
INFO: [Synth 8-6157] synthesizing module 'design_1_rst_clk_wiz_1_100M_1' [C:/Users/JEFF/MICROBLAZE_V_AXI/MICROBLAZE_V_AXI.runs/synth_1/.Xil/Vivado-5868-DESKTOP-LQBVH1M/realtime/design_1_rst_clk_wiz_1_100M_1_stub.v:6]
INFO: [Synth 8-6155] done synthesizing module 'design_1_rst_clk_wiz_1_100M_1' (0#1) [C:/Users/JEFF/MICROBLAZE_V_AXI/MICROBLAZE_V_AXI.runs/synth_1/.Xil/Vivado-5868-DESKTOP-LQBVH1M/realtime/design_1_rst_clk_wiz_1_100M_1_stub.v:6]
WARNING: [Synth 8-7071] port 'peripheral_reset' of module 'design_1_rst_clk_wiz_1_100M_1' is unconnected for instance 'rst_clk_wiz_1_100M' [c:/Users/JEFF/MICROBLAZE_V_AXI/MICROBLAZE_V_AXI.gen/sources_1/bd/design_1/synth/design_1.v:330]
WARNING: [Synth 8-7071] port 'interconnect_aresetn' of module 'design_1_rst_clk_wiz_1_100M_1' is unconnected for instance 'rst_clk_wiz_1_100M' [c:/Users/JEFF/MICROBLAZE_V_AXI/MICROBLAZE_V_AXI.gen/sources_1/bd/design_1/synth/design_1.v:330]
WARNING: [Synth 8-7023] instance 'rst_clk_wiz_1_100M' of module 'design_1_rst_clk_wiz_1_100M_1' has 10 connections declared, but only 8 given [c:/Users/JEFF/MICROBLAZE_V_AXI/MICROBLAZE_V_AXI.gen/sources_1/bd/design_1/synth/design_1.v:330]
INFO: [Synth 8-6155] done synthesizing module 'design_1' (0#1) [c:/Users/JEFF/MICROBLAZE_V_AXI/MICROBLAZE_V_AXI.gen/sources_1/bd/design_1/synth/design_1.v:13]
INFO: [Synth 8-6155] done synthesizing module 'design_1_wrapper' (0#1) [c:/Users/JEFF/MICROBLAZE_V_AXI/MICROBLAZE_V_AXI.gen/sources_1/bd/design_1/hdl/design_1_wrapper.v:13]
WARNING: [Synth 8-7129] Port In1[0] in module xlconcat_v2_1_6_xlconcat is either unconnected or has no load
WARNING: [Synth 8-7129] Port In2[0] in module xlconcat_v2_1_6_xlconcat is either unconnected or has no load
WARNING: [Synth 8-7129] Port In3[0] in module xlconcat_v2_1_6_xlconcat is either unconnected or has no load
WARNING: [Synth 8-7129] Port In4[0] in module xlconcat_v2_1_6_xlconcat is either unconnected or has no load
WARNING: [Synth 8-7129] Port In5[0] in module xlconcat_v2_1_6_xlconcat is either unconnected or has no load
WARNING: [Synth 8-7129] Port In6[0] in module xlconcat_v2_1_6_xlconcat is either unconnected or has no load
WARNING: [Synth 8-7129] Port In7[0] in module xlconcat_v2_1_6_xlconcat is either unconnected or has no load
WARNING: [Synth 8-7129] Port In8[0] in module xlconcat_v2_1_6_xlconcat is either unconnected or has no load
WARNING: [Synth 8-7129] Port In9[0] in module xlconcat_v2_1_6_xlconcat is either unconnected or has no load
WARNING: [Synth 8-7129] Port In10[0] in module xlconcat_v2_1_6_xlconcat is either unconnected or has no load
WARNING: [Synth 8-7129] Port In11[0] in module xlconcat_v2_1_6_xlconcat is either unconnected or has no load
WARNING: [Synth 8-7129] Port In12[0] in module xlconcat_v2_1_6_xlconcat is either unconnected or has no load
WARNING: [Synth 8-7129] Port In13[0] in module xlconcat_v2_1_6_xlconcat is either unconnected or has no load
WARNING: [Synth 8-7129] Port In14[0] in module xlconcat_v2_1_6_xlconcat is either unconnected or has no load
WARNING: [Synth 8-7129] Port In15[0] in module xlconcat_v2_1_6_xlconcat is either unconnected or has no load
WARNING: [Synth 8-7129] Port In16[0] in module xlconcat_v2_1_6_xlconcat is either unconnected or has no load
WARNING: [Synth 8-7129] Port In17[0] in module xlconcat_v2_1_6_xlconcat is either unconnected or has no load
WARNING: [Synth 8-7129] Port In18[0] in module xlconcat_v2_1_6_xlconcat is either unconnected or has no load
WARNING: [Synth 8-7129] Port In19[0] in module xlconcat_v2_1_6_xlconcat is either unconnected or has no load
WARNING: [Synth 8-7129] Port In20[0] in module xlconcat_v2_1_6_xlconcat is either unconnected or has no load
WARNING: [Synth 8-7129] Port In21[0] in module xlconcat_v2_1_6_xlconcat is either unconnected or has no load
WARNING: [Synth 8-7129] Port In22[0] in module xlconcat_v2_1_6_xlconcat is either unconnected or has no load
WARNING: [Synth 8-7129] Port In23[0] in module xlconcat_v2_1_6_xlconcat is either unconnected or has no load
WARNING: [Synth 8-7129] Port In24[0] in module xlconcat_v2_1_6_xlconcat is either unconnected or has no load
WARNING: [Synth 8-7129] Port In25[0] in module xlconcat_v2_1_6_xlconcat is either unconnected or has no load
WARNING: [Synth 8-7129] Port In26[0] in module xlconcat_v2_1_6_xlconcat is either unconnected or has no load
WARNING: [Synth 8-7129] Port In27[0] in module xlconcat_v2_1_6_xlconcat is either unconnected or has no load
WARNING: [Synth 8-7129] Port In28[0] in module xlconcat_v2_1_6_xlconcat is either unconnected or has no load
WARNING: [Synth 8-7129] Port In29[0] in module xlconcat_v2_1_6_xlconcat is either unconnected or has no load
WARNING: [Synth 8-7129] Port In30[0] in module xlconcat_v2_1_6_xlconcat is either unconnected or has no load
WARNING: [Synth 8-7129] Port In31[0] in module xlconcat_v2_1_6_xlconcat is either unconnected or has no load
WARNING: [Synth 8-7129] Port In32[0] in module xlconcat_v2_1_6_xlconcat is either unconnected or has no load
WARNING: [Synth 8-7129] Port In33[0] in module xlconcat_v2_1_6_xlconcat is either unconnected or has no load
WARNING: [Synth 8-7129] Port In34[0] in module xlconcat_v2_1_6_xlconcat is either unconnected or has no load
WARNING: [Synth 8-7129] Port In35[0] in module xlconcat_v2_1_6_xlconcat is either unconnected or has no load
WARNING: [Synth 8-7129] Port In36[0] in module xlconcat_v2_1_6_xlconcat is either unconnected or has no load
WARNING: [Synth 8-7129] Port In37[0] in module xlconcat_v2_1_6_xlconcat is either unconnected or has no load
WARNING: [Synth 8-7129] Port In38[0] in module xlconcat_v2_1_6_xlconcat is either unconnected or has no load
WARNING: [Synth 8-7129] Port In39[0] in module xlconcat_v2_1_6_xlconcat is either unconnected or has no load
WARNING: [Synth 8-7129] Port In40[0] in module xlconcat_v2_1_6_xlconcat is either unconnected or has no load
WARNING: [Synth 8-7129] Port In41[0] in module xlconcat_v2_1_6_xlconcat is either unconnected or has no load
WARNING: [Synth 8-7129] Port In42[0] in module xlconcat_v2_1_6_xlconcat is either unconnected or has no load
WARNING: [Synth 8-7129] Port In43[0] in module xlconcat_v2_1_6_xlconcat is either unconnected or has no load
WARNING: [Synth 8-7129] Port In44[0] in module xlconcat_v2_1_6_xlconcat is either unconnected or has no load
WARNING: [Synth 8-7129] Port In45[0] in module xlconcat_v2_1_6_xlconcat is either unconnected or has no load
WARNING: [Synth 8-7129] Port In46[0] in module xlconcat_v2_1_6_xlconcat is either unconnected or has no load
WARNING: [Synth 8-7129] Port In47[0] in module xlconcat_v2_1_6_xlconcat is either unconnected or has no load
WARNING: [Synth 8-7129] Port In48[0] in module xlconcat_v2_1_6_xlconcat is either unconnected or has no load
WARNING: [Synth 8-7129] Port In49[0] in module xlconcat_v2_1_6_xlconcat is either unconnected or has no load
WARNING: [Synth 8-7129] Port In50[0] in module xlconcat_v2_1_6_xlconcat is either unconnected or has no load
WARNING: [Synth 8-7129] Port In51[0] in module xlconcat_v2_1_6_xlconcat is either unconnected or has no load
WARNING: [Synth 8-7129] Port In52[0] in module xlconcat_v2_1_6_xlconcat is either unconnected or has no load
WARNING: [Synth 8-7129] Port In53[0] in module xlconcat_v2_1_6_xlconcat is either unconnected or has no load
WARNING: [Synth 8-7129] Port In54[0] in module xlconcat_v2_1_6_xlconcat is either unconnected or has no load
WARNING: [Synth 8-7129] Port In55[0] in module xlconcat_v2_1_6_xlconcat is either unconnected or has no load
WARNING: [Synth 8-7129] Port In56[0] in module xlconcat_v2_1_6_xlconcat is either unconnected or has no load
WARNING: [Synth 8-7129] Port In57[0] in module xlconcat_v2_1_6_xlconcat is either unconnected or has no load
WARNING: [Synth 8-7129] Port In58[0] in module xlconcat_v2_1_6_xlconcat is either unconnected or has no load
WARNING: [Synth 8-7129] Port In59[0] in module xlconcat_v2_1_6_xlconcat is either unconnected or has no load
WARNING: [Synth 8-7129] Port In60[0] in module xlconcat_v2_1_6_xlconcat is either unconnected or has no load
WARNING: [Synth 8-7129] Port In61[0] in module xlconcat_v2_1_6_xlconcat is either unconnected or has no load
WARNING: [Synth 8-7129] Port In62[0] in module xlconcat_v2_1_6_xlconcat is either unconnected or has no load
WARNING: [Synth 8-7129] Port In63[0] in module xlconcat_v2_1_6_xlconcat is either unconnected or has no load
WARNING: [Synth 8-7129] Port In64[0] in module xlconcat_v2_1_6_xlconcat is either unconnected or has no load
WARNING: [Synth 8-7129] Port In65[0] in module xlconcat_v2_1_6_xlconcat is either unconnected or has no load
WARNING: [Synth 8-7129] Port In66[0] in module xlconcat_v2_1_6_xlconcat is either unconnected or has no load
WARNING: [Synth 8-7129] Port In67[0] in module xlconcat_v2_1_6_xlconcat is either unconnected or has no load
WARNING: [Synth 8-7129] Port In68[0] in module xlconcat_v2_1_6_xlconcat is either unconnected or has no load
WARNING: [Synth 8-7129] Port In69[0] in module xlconcat_v2_1_6_xlconcat is either unconnected or has no load
WARNING: [Synth 8-7129] Port In70[0] in module xlconcat_v2_1_6_xlconcat is either unconnected or has no load
WARNING: [Synth 8-7129] Port In71[0] in module xlconcat_v2_1_6_xlconcat is either unconnected or has no load
WARNING: [Synth 8-7129] Port In72[0] in module xlconcat_v2_1_6_xlconcat is either unconnected or has no load
WARNING: [Synth 8-7129] Port In73[0] in module xlconcat_v2_1_6_xlconcat is either unconnected or has no load
WARNING: [Synth 8-7129] Port In74[0] in module xlconcat_v2_1_6_xlconcat is either unconnected or has no load
WARNING: [Synth 8-7129] Port In75[0] in module xlconcat_v2_1_6_xlconcat is either unconnected or has no load
WARNING: [Synth 8-7129] Port In76[0] in module xlconcat_v2_1_6_xlconcat is either unconnected or has no load
WARNING: [Synth 8-7129] Port In77[0] in module xlconcat_v2_1_6_xlconcat is either unconnected or has no load
WARNING: [Synth 8-7129] Port In78[0] in module xlconcat_v2_1_6_xlconcat is either unconnected or has no load
WARNING: [Synth 8-7129] Port In79[0] in module xlconcat_v2_1_6_xlconcat is either unconnected or has no load
WARNING: [Synth 8-7129] Port In80[0] in module xlconcat_v2_1_6_xlconcat is either unconnected or has no load
WARNING: [Synth 8-7129] Port In81[0] in module xlconcat_v2_1_6_xlconcat is either unconnected or has no load
WARNING: [Synth 8-7129] Port In82[0] in module xlconcat_v2_1_6_xlconcat is either unconnected or has no load
WARNING: [Synth 8-7129] Port In83[0] in module xlconcat_v2_1_6_xlconcat is either unconnected or has no load
WARNING: [Synth 8-7129] Port In84[0] in module xlconcat_v2_1_6_xlconcat is either unconnected or has no load
WARNING: [Synth 8-7129] Port In85[0] in module xlconcat_v2_1_6_xlconcat is either unconnected or has no load
WARNING: [Synth 8-7129] Port In86[0] in module xlconcat_v2_1_6_xlconcat is either unconnected or has no load
WARNING: [Synth 8-7129] Port In87[0] in module xlconcat_v2_1_6_xlconcat is either unconnected or has no load
WARNING: [Synth 8-7129] Port In88[0] in module xlconcat_v2_1_6_xlconcat is either unconnected or has no load
WARNING: [Synth 8-7129] Port In89[0] in module xlconcat_v2_1_6_xlconcat is either unconnected or has no load
WARNING: [Synth 8-7129] Port In90[0] in module xlconcat_v2_1_6_xlconcat is either unconnected or has no load
WARNING: [Synth 8-7129] Port In91[0] in module xlconcat_v2_1_6_xlconcat is either unconnected or has no load
WARNING: [Synth 8-7129] Port In92[0] in module xlconcat_v2_1_6_xlconcat is either unconnected or has no load
WARNING: [Synth 8-7129] Port In93[0] in module xlconcat_v2_1_6_xlconcat is either unconnected or has no load
WARNING: [Synth 8-7129] Port In94[0] in module xlconcat_v2_1_6_xlconcat is either unconnected or has no load
WARNING: [Synth 8-7129] Port In95[0] in module xlconcat_v2_1_6_xlconcat is either unconnected or has no load
WARNING: [Synth 8-7129] Port In96[0] in module xlconcat_v2_1_6_xlconcat is either unconnected or has no load
WARNING: [Synth 8-7129] Port In97[0] in module xlconcat_v2_1_6_xlconcat is either unconnected or has no load
WARNING: [Synth 8-7129] Port In98[0] in module xlconcat_v2_1_6_xlconcat is either unconnected or has no load
WARNING: [Synth 8-7129] Port In99[0] in module xlconcat_v2_1_6_xlconcat is either unconnected or has no load
WARNING: [Synth 8-7129] Port In100[0] in module xlconcat_v2_1_6_xlconcat is either unconnected or has no load
INFO: [Common 17-14] Message 'Synth 8-7129' appears 100 times and further instances of the messages will be disabled. Use the Tcl command set_msg_config to change the current settings.
---------------------------------------------------------------------------------
Finished RTL Elaboration : Time (s): cpu = 00:00:05 ; elapsed = 00:00:06 . Memory (MB): peak = 1555.277 ; gain = 565.578
---------------------------------------------------------------------------------
---------------------------------------------------------------------------------
Start Handling Custom Attributes
---------------------------------------------------------------------------------
---------------------------------------------------------------------------------
Finished Handling Custom Attributes : Time (s): cpu = 00:00:05 ; elapsed = 00:00:06 . Memory (MB): peak = 1555.277 ; gain = 565.578
---------------------------------------------------------------------------------
---------------------------------------------------------------------------------
Finished RTL Optimization Phase 1 : Time (s): cpu = 00:00:05 ; elapsed = 00:00:06 . Memory (MB): peak = 1555.277 ; gain = 565.578
---------------------------------------------------------------------------------
Netlist sorting complete. Time (s): cpu = 00:00:00 ; elapsed = 00:00:00.014 . Memory (MB): peak = 1555.277 ; gain = 0.000
INFO: [Project 1-570] Preparing netlist for logic optimization

Processing XDC Constraints
Initializing timing engine
Parsing XDC File [c:/Users/JEFF/MICROBLAZE_V_AXI/MICROBLAZE_V_AXI.gen/sources_1/bd/design_1/ip/design_1_microblaze_riscv_0_0/design_1_microblaze_riscv_0_0/design_1_microblaze_riscv_0_0_in_context.xdc] for cell 'design_1_i/microblaze_riscv_0'
Finished Parsing XDC File [c:/Users/JEFF/MICROBLAZE_V_AXI/MICROBLAZE_V_AXI.gen/sources_1/bd/design_1/ip/design_1_microblaze_riscv_0_0/design_1_microblaze_riscv_0_0/design_1_microblaze_riscv_0_0_in_context.xdc] for cell 'design_1_i/microblaze_riscv_0'
Parsing XDC File [c:/Users/JEFF/MICROBLAZE_V_AXI/MICROBLAZE_V_AXI.gen/sources_1/bd/design_1/ip/design_1_dlmb_v10_1/design_1_dlmb_v10_1/design_1_dlmb_v10_1_in_context.xdc] for cell 'design_1_i/microblaze_riscv_0_local_memory/dlmb_v10'
Finished Parsing XDC File [c:/Users/JEFF/MICROBLAZE_V_AXI/MICROBLAZE_V_AXI.gen/sources_1/bd/design_1/ip/design_1_dlmb_v10_1/design_1_dlmb_v10_1/design_1_dlmb_v10_1_in_context.xdc] for cell 'design_1_i/microblaze_riscv_0_local_memory/dlmb_v10'
Parsing XDC File [c:/Users/JEFF/MICROBLAZE_V_AXI/MICROBLAZE_V_AXI.gen/sources_1/bd/design_1/ip/design_1_ilmb_v10_1/design_1_ilmb_v10_1/design_1_dlmb_v10_1_in_context.xdc] for cell 'design_1_i/microblaze_riscv_0_local_memory/ilmb_v10'
Finished Parsing XDC File [c:/Users/JEFF/MICROBLAZE_V_AXI/MICROBLAZE_V_AXI.gen/sources_1/bd/design_1/ip/design_1_ilmb_v10_1/design_1_ilmb_v10_1/design_1_dlmb_v10_1_in_context.xdc] for cell 'design_1_i/microblaze_riscv_0_local_memory/ilmb_v10'
Parsing XDC File [c:/Users/JEFF/MICROBLAZE_V_AXI/MICROBLAZE_V_AXI.gen/sources_1/bd/design_1/ip/design_1_dlmb_bram_if_cntlr_1/design_1_dlmb_bram_if_cntlr_1/design_1_dlmb_bram_if_cntlr_1_in_context.xdc] for cell 'design_1_i/microblaze_riscv_0_local_memory/dlmb_bram_if_cntlr'
Finished Parsing XDC File [c:/Users/JEFF/MICROBLAZE_V_AXI/MICROBLAZE_V_AXI.gen/sources_1/bd/design_1/ip/design_1_dlmb_bram_if_cntlr_1/design_1_dlmb_bram_if_cntlr_1/design_1_dlmb_bram_if_cntlr_1_in_context.xdc] for cell 'design_1_i/microblaze_riscv_0_local_memory/dlmb_bram_if_cntlr'
Parsing XDC File [c:/Users/JEFF/MICROBLAZE_V_AXI/MICROBLAZE_V_AXI.gen/sources_1/bd/design_1/ip/design_1_ilmb_bram_if_cntlr_1/design_1_ilmb_bram_if_cntlr_1/design_1_ilmb_bram_if_cntlr_1_in_context.xdc] for cell 'design_1_i/microblaze_riscv_0_local_memory/ilmb_bram_if_cntlr'
Finished Parsing XDC File [c:/Users/JEFF/MICROBLAZE_V_AXI/MICROBLAZE_V_AXI.gen/sources_1/bd/design_1/ip/design_1_ilmb_bram_if_cntlr_1/design_1_ilmb_bram_if_cntlr_1/design_1_ilmb_bram_if_cntlr_1_in_context.xdc] for cell 'design_1_i/microblaze_riscv_0_local_memory/ilmb_bram_if_cntlr'
Parsing XDC File [c:/Users/JEFF/MICROBLAZE_V_AXI/MICROBLAZE_V_AXI.gen/sources_1/bd/design_1/ip/design_1_lmb_bram_1/design_1_lmb_bram_1/design_1_lmb_bram_1_in_context.xdc] for cell 'design_1_i/microblaze_riscv_0_local_memory/lmb_bram'
Finished Parsing XDC File [c:/Users/JEFF/MICROBLAZE_V_AXI/MICROBLAZE_V_AXI.gen/sources_1/bd/design_1/ip/design_1_lmb_bram_1/design_1_lmb_bram_1/design_1_lmb_bram_1_in_context.xdc] for cell 'design_1_i/microblaze_riscv_0_local_memory/lmb_bram'
Parsing XDC File [c:/Users/JEFF/MICROBLAZE_V_AXI/MICROBLAZE_V_AXI.gen/sources_1/bd/design_1/ip/design_1_xbar_0/design_1_xbar_0/design_1_xbar_0_in_context.xdc] for cell 'design_1_i/microblaze_riscv_0_axi_periph/xbar'
Finished Parsing XDC File [c:/Users/JEFF/MICROBLAZE_V_AXI/MICROBLAZE_V_AXI.gen/sources_1/bd/design_1/ip/design_1_xbar_0/design_1_xbar_0/design_1_xbar_0_in_context.xdc] for cell 'design_1_i/microblaze_riscv_0_axi_periph/xbar'
Parsing XDC File [c:/Users/JEFF/MICROBLAZE_V_AXI/MICROBLAZE_V_AXI.gen/sources_1/bd/design_1/ip/design_1_microblaze_riscv_0_axi_intc_0/design_1_microblaze_riscv_0_axi_intc_0/design_1_microblaze_riscv_0_axi_intc_0_in_context.xdc] for cell 'design_1_i/microblaze_riscv_0_axi_intc'
Finished Parsing XDC File [c:/Users/JEFF/MICROBLAZE_V_AXI/MICROBLAZE_V_AXI.gen/sources_1/bd/design_1/ip/design_1_microblaze_riscv_0_axi_intc_0/design_1_microblaze_riscv_0_axi_intc_0/design_1_microblaze_riscv_0_axi_intc_0_in_context.xdc] for cell 'design_1_i/microblaze_riscv_0_axi_intc'
Parsing XDC File [c:/Users/JEFF/MICROBLAZE_V_AXI/MICROBLAZE_V_AXI.gen/sources_1/bd/design_1/ip/design_1_mdm_1_1/design_1_mdm_1_1/design_1_mdm_1_1_in_context.xdc] for cell 'design_1_i/mdm_1'
Finished Parsing XDC File [c:/Users/JEFF/MICROBLAZE_V_AXI/MICROBLAZE_V_AXI.gen/sources_1/bd/design_1/ip/design_1_mdm_1_1/design_1_mdm_1_1/design_1_mdm_1_1_in_context.xdc] for cell 'design_1_i/mdm_1'
Parsing XDC File [c:/Users/JEFF/MICROBLAZE_V_AXI/MICROBLAZE_V_AXI.gen/sources_1/bd/design_1/ip/design_1_clk_wiz_1_1/design_1_clk_wiz_1_1/design_1_clk_wiz_1_1_in_context.xdc] for cell 'design_1_i/clk_wiz_1'
Finished Parsing XDC File [c:/Users/JEFF/MICROBLAZE_V_AXI/MICROBLAZE_V_AXI.gen/sources_1/bd/design_1/ip/design_1_clk_wiz_1_1/design_1_clk_wiz_1_1/design_1_clk_wiz_1_1_in_context.xdc] for cell 'design_1_i/clk_wiz_1'
Parsing XDC File [c:/Users/JEFF/MICROBLAZE_V_AXI/MICROBLAZE_V_AXI.gen/sources_1/bd/design_1/ip/design_1_rst_clk_wiz_1_100M_1/design_1_rst_clk_wiz_1_100M_1/design_1_rst_clk_wiz_1_100M_1_in_context.xdc] for cell 'design_1_i/rst_clk_wiz_1_100M'
Finished Parsing XDC File [c:/Users/JEFF/MICROBLAZE_V_AXI/MICROBLAZE_V_AXI.gen/sources_1/bd/design_1/ip/design_1_rst_clk_wiz_1_100M_1/design_1_rst_clk_wiz_1_100M_1/design_1_rst_clk_wiz_1_100M_1_in_context.xdc] for cell 'design_1_i/rst_clk_wiz_1_100M'
Parsing XDC File [c:/Users/JEFF/MICROBLAZE_V_AXI/MICROBLAZE_V_AXI.gen/sources_1/bd/design_1/ip/design_1_axi_uartlite_0_0/design_1_axi_uartlite_0_0/design_1_axi_uartlite_0_0_in_context.xdc] for cell 'design_1_i/axi_uartlite_0'
Finished Parsing XDC File [c:/Users/JEFF/MICROBLAZE_V_AXI/MICROBLAZE_V_AXI.gen/sources_1/bd/design_1/ip/design_1_axi_uartlite_0_0/design_1_axi_uartlite_0_0/design_1_axi_uartlite_0_0_in_context.xdc] for cell 'design_1_i/axi_uartlite_0'
Parsing XDC File [C:/Users/JEFF/MICROBLAZE_V_AXI/MICROBLAZE_V_AXI.runs/synth_1/dont_touch.xdc]
Finished Parsing XDC File [C:/Users/JEFF/MICROBLAZE_V_AXI/MICROBLAZE_V_AXI.runs/synth_1/dont_touch.xdc]
Completed Processing XDC Constraints

Netlist sorting complete. Time (s): cpu = 00:00:00 ; elapsed = 00:00:00 . Memory (MB): peak = 1571.887 ; gain = 0.000
INFO: [Project 1-111] Unisim Transformation Summary:
No Unisim elements were transformed.

Constraint Validation Runtime : Time (s): cpu = 00:00:00 ; elapsed = 00:00:00.007 . Memory (MB): peak = 1571.887 ; gain = 0.000
WARNING: [Timing 38-316] Clock period '20.000' specified during out-of-context synthesis of instance 'design_1_i/microblaze_riscv_0_local_memory/lmb_bram' at clock pin 'clka' is different from the actual clock period '10.000', this can lead to different synthesis results.
---------------------------------------------------------------------------------
Finished Constraint Validation : Time (s): cpu = 00:00:13 ; elapsed = 00:00:14 . Memory (MB): peak = 1571.887 ; gain = 582.188
---------------------------------------------------------------------------------
---------------------------------------------------------------------------------
Start Loading Part and Timing Information
---------------------------------------------------------------------------------
Loading part: xc7a200tsbg484-1
---------------------------------------------------------------------------------
Finished Loading Part and Timing Information : Time (s): cpu = 00:00:13 ; elapsed = 00:00:14 . Memory (MB): peak = 1571.887 ; gain = 582.188
---------------------------------------------------------------------------------
---------------------------------------------------------------------------------
Start Applying 'set_property' XDC Constraints
---------------------------------------------------------------------------------
Applied set_property IO_BUFFER_TYPE = NONE for sys_clock. (constraint file  c:/Users/JEFF/MICROBLAZE_V_AXI/MICROBLAZE_V_AXI.gen/sources_1/bd/design_1/ip/design_1_clk_wiz_1_1/design_1_clk_wiz_1_1/design_1_clk_wiz_1_1_in_context.xdc, line 3).
Applied set_property CLOCK_BUFFER_TYPE = NONE for sys_clock. (constraint file  c:/Users/JEFF/MICROBLAZE_V_AXI/MICROBLAZE_V_AXI.gen/sources_1/bd/design_1/ip/design_1_clk_wiz_1_1/design_1_clk_wiz_1_1/design_1_clk_wiz_1_1_in_context.xdc, line 4).
Applied set_property KEEP_HIERARCHY = SOFT for design_1_i. (constraint file  auto generated constraint).
Applied set_property KEEP_HIERARCHY = SOFT for design_1_i/microblaze_riscv_0. (constraint file  auto generated constraint).
Applied set_property KEEP_HIERARCHY = SOFT for design_1_i/microblaze_riscv_0_local_memory/dlmb_v10. (constraint file  auto generated constraint).
Applied set_property KEEP_HIERARCHY = SOFT for design_1_i/microblaze_riscv_0_local_memory/ilmb_v10. (constraint file  auto generated constraint).
Applied set_property KEEP_HIERARCHY = SOFT for design_1_i/microblaze_riscv_0_local_memory/dlmb_bram_if_cntlr. (constraint file  auto generated constraint).
Applied set_property KEEP_HIERARCHY = SOFT for design_1_i/microblaze_riscv_0_local_memory/ilmb_bram_if_cntlr. (constraint file  auto generated constraint).
Applied set_property KEEP_HIERARCHY = SOFT for design_1_i/microblaze_riscv_0_local_memory/lmb_bram. (constraint file  auto generated constraint).
Applied set_property KEEP_HIERARCHY = SOFT for design_1_i/microblaze_riscv_0_axi_periph/xbar. (constraint file  auto generated constraint).
Applied set_property KEEP_HIERARCHY = SOFT for design_1_i/microblaze_riscv_0_axi_periph. (constraint file  auto generated constraint).
Applied set_property KEEP_HIERARCHY = SOFT for design_1_i/microblaze_riscv_0_axi_intc. (constraint file  auto generated constraint).
Applied set_property KEEP_HIERARCHY = SOFT for design_1_i/microblaze_riscv_0_xlconcat. (constraint file  auto generated constraint).
Applied set_property KEEP_HIERARCHY = SOFT for design_1_i/mdm_1. (constraint file  auto generated constraint).
Applied set_property KEEP_HIERARCHY = SOFT for design_1_i/clk_wiz_1. (constraint file  auto generated constraint).
Applied set_property KEEP_HIERARCHY = SOFT for design_1_i/rst_clk_wiz_1_100M. (constraint file  auto generated constraint).
Applied set_property KEEP_HIERARCHY = SOFT for design_1_i/axi_uartlite_0. (constraint file  auto generated constraint).
---------------------------------------------------------------------------------
Finished applying 'set_property' XDC Constraints : Time (s): cpu = 00:00:13 ; elapsed = 00:00:14 . Memory (MB): peak = 1571.887 ; gain = 582.188
---------------------------------------------------------------------------------
---------------------------------------------------------------------------------
Finished RTL Optimization Phase 2 : Time (s): cpu = 00:00:13 ; elapsed = 00:00:14 . Memory (MB): peak = 1571.887 ; gain = 582.188
---------------------------------------------------------------------------------
---------------------------------------------------------------------------------
Start RTL Component Statistics 
---------------------------------------------------------------------------------
Detailed RTL Component Info : 
---------------------------------------------------------------------------------
Finished RTL Component Statistics 
---------------------------------------------------------------------------------
---------------------------------------------------------------------------------
Start Part Resource Summary
---------------------------------------------------------------------------------
Part Resources:
DSPs: 740 (col length:100)
BRAMs: 730 (col length: RAMB18 100 RAMB36 50)
---------------------------------------------------------------------------------
Finished Part Resource Summary
---------------------------------------------------------------------------------
---------------------------------------------------------------------------------
Start Cross Boundary and Area Optimization
---------------------------------------------------------------------------------
WARNING: [Synth 8-7080] Parallel synthesis criteria is not met
---------------------------------------------------------------------------------
Finished Cross Boundary and Area Optimization : Time (s): cpu = 00:00:15 ; elapsed = 00:00:15 . Memory (MB): peak = 1571.887 ; gain = 582.188
---------------------------------------------------------------------------------
---------------------------------------------------------------------------------
Start Applying XDC Timing Constraints
---------------------------------------------------------------------------------
---------------------------------------------------------------------------------
Finished Applying XDC Timing Constraints : Time (s): cpu = 00:00:19 ; elapsed = 00:00:20 . Memory (MB): peak = 1571.887 ; gain = 582.188
---------------------------------------------------------------------------------
---------------------------------------------------------------------------------
Start Timing Optimization
---------------------------------------------------------------------------------
---------------------------------------------------------------------------------
Finished Timing Optimization : Time (s): cpu = 00:00:19 ; elapsed = 00:00:20 . Memory (MB): peak = 1571.887 ; gain = 582.188
---------------------------------------------------------------------------------
---------------------------------------------------------------------------------
Start Technology Mapping
---------------------------------------------------------------------------------
---------------------------------------------------------------------------------
Finished Technology Mapping : Time (s): cpu = 00:00:19 ; elapsed = 00:00:20 . Memory (MB): peak = 1571.887 ; gain = 582.188
---------------------------------------------------------------------------------
---------------------------------------------------------------------------------
Start IO Insertion
---------------------------------------------------------------------------------
---------------------------------------------------------------------------------
Start Flattening Before IO Insertion
---------------------------------------------------------------------------------
---------------------------------------------------------------------------------
Finished Flattening Before IO Insertion
---------------------------------------------------------------------------------
---------------------------------------------------------------------------------
Start Final Netlist Cleanup
---------------------------------------------------------------------------------
---------------------------------------------------------------------------------
Finished Final Netlist Cleanup
---------------------------------------------------------------------------------
---------------------------------------------------------------------------------
Finished IO Insertion : Time (s): cpu = 00:00:23 ; elapsed = 00:00:24 . Memory (MB): peak = 1571.887 ; gain = 582.188
---------------------------------------------------------------------------------
---------------------------------------------------------------------------------
Start Renaming Generated Instances
---------------------------------------------------------------------------------
---------------------------------------------------------------------------------
Finished Renaming Generated Instances : Time (s): cpu = 00:00:23 ; elapsed = 00:00:24 . Memory (MB): peak = 1571.887 ; gain = 582.188
---------------------------------------------------------------------------------
---------------------------------------------------------------------------------
Start Rebuilding User Hierarchy
---------------------------------------------------------------------------------
---------------------------------------------------------------------------------
Finished Rebuilding User Hierarchy : Time (s): cpu = 00:00:23 ; elapsed = 00:00:24 . Memory (MB): peak = 1571.887 ; gain = 582.188
---------------------------------------------------------------------------------
---------------------------------------------------------------------------------
Start Renaming Generated Ports
---------------------------------------------------------------------------------
---------------------------------------------------------------------------------
Finished Renaming Generated Ports : Time (s): cpu = 00:00:23 ; elapsed = 00:00:24 . Memory (MB): peak = 1571.887 ; gain = 582.188
---------------------------------------------------------------------------------
---------------------------------------------------------------------------------
Start Handling Custom Attributes
---------------------------------------------------------------------------------
---------------------------------------------------------------------------------
Finished Handling Custom Attributes : Time (s): cpu = 00:00:23 ; elapsed = 00:00:24 . Memory (MB): peak = 1571.887 ; gain = 582.188
---------------------------------------------------------------------------------
---------------------------------------------------------------------------------
Start Renaming Generated Nets
---------------------------------------------------------------------------------
---------------------------------------------------------------------------------
Finished Renaming Generated Nets : Time (s): cpu = 00:00:23 ; elapsed = 00:00:24 . Memory (MB): peak = 1571.887 ; gain = 582.188
---------------------------------------------------------------------------------
---------------------------------------------------------------------------------
Start Writing Synthesis Report
---------------------------------------------------------------------------------

Report BlackBoxes: 
+------+---------------------------------------+----------+
|      |BlackBox name                          |Instances |
+------+---------------------------------------+----------+
|1     |design_1_axi_uartlite_0_0              |         1|
|2     |design_1_clk_wiz_1_1                   |         1|
|3     |design_1_mdm_1_1                       |         1|
|4     |design_1_microblaze_riscv_0_0          |         1|
|5     |design_1_microblaze_riscv_0_axi_intc_0 |         1|
|6     |design_1_xbar_0                        |         1|
|7     |design_1_rst_clk_wiz_1_100M_1          |         1|
|8     |design_1_dlmb_bram_if_cntlr_1          |         1|
|9     |design_1_dlmb_v10_1                    |         1|
|10    |design_1_ilmb_bram_if_cntlr_1          |         1|
|11    |design_1_ilmb_v10_1                    |         1|
|12    |design_1_lmb_bram_1                    |         1|
+------+---------------------------------------+----------+

Report Cell Usage: 
+------+-------------------------------------+------+
|      |Cell                                 |Count |
+------+-------------------------------------+------+
|1     |design_1_axi_uartlite_0              |     1|
|2     |design_1_clk_wiz_1                   |     1|
|3     |design_1_dlmb_bram_if_cntlr          |     1|
|4     |design_1_dlmb_v10                    |     1|
|5     |design_1_ilmb_bram_if_cntlr          |     1|
|6     |design_1_ilmb_v10                    |     1|
|7     |design_1_lmb_bram                    |     1|
|8     |design_1_mdm_1                       |     1|
|9     |design_1_microblaze_riscv_0          |     1|
|10    |design_1_microblaze_riscv_0_axi_intc |     1|
|11    |design_1_rst_clk_wiz_1_100M          |     1|
|12    |design_1_xbar                        |     1|
|13    |IBUF                                 |     2|
|14    |OBUF                                 |     1|
+------+-------------------------------------+------+
---------------------------------------------------------------------------------
Finished Writing Synthesis Report : Time (s): cpu = 00:00:23 ; elapsed = 00:00:24 . Memory (MB): peak = 1571.887 ; gain = 582.188
---------------------------------------------------------------------------------
Synthesis finished with 0 errors, 0 critical warnings and 7 warnings.
Synthesis Optimization Runtime : Time (s): cpu = 00:00:15 ; elapsed = 00:00:21 . Memory (MB): peak = 1571.887 ; gain = 565.578
Synthesis Optimization Complete : Time (s): cpu = 00:00:23 ; elapsed = 00:00:24 . Memory (MB): peak = 1571.887 ; gain = 582.188
INFO: [Project 1-571] Translating synthesized netlist
Netlist sorting complete. Time (s): cpu = 00:00:00 ; elapsed = 00:00:00.009 . Memory (MB): peak = 1571.887 ; gain = 0.000
INFO: [Project 1-570] Preparing netlist for logic optimization
INFO: [Opt 31-138] Pushed 0 inverter(s) to 0 load pin(s).
Netlist sorting complete. Time (s): cpu = 00:00:00 ; elapsed = 00:00:00.001 . Memory (MB): peak = 1571.887 ; gain = 0.000
INFO: [Project 1-111] Unisim Transformation Summary:
No Unisim elements were transformed.

Synth Design complete | Checksum: 5b8cc713
INFO: [Common 17-83] Releasing license: Synthesis
59 Infos, 117 Warnings, 0 Critical Warnings and 0 Errors encountered.
synth_design completed successfully
synth_design: Time (s): cpu = 00:00:28 ; elapsed = 00:00:30 . Memory (MB): peak = 1571.887 ; gain = 1058.023
Write ShapeDB Complete: Time (s): cpu = 00:00:00 ; elapsed = 00:00:00.001 . Memory (MB): peak = 1571.887 ; gain = 0.000
INFO: [Common 17-1381] The checkpoint 'C:/Users/JEFF/MICROBLAZE_V_AXI/MICROBLAZE_V_AXI.runs/synth_1/design_1_wrapper.dcp' has been generated.
INFO: [Vivado 12-24828] Executing command : report_utilization -file design_1_wrapper_utilization_synth.rpt -pb design_1_wrapper_utilization_synth.pb
INFO: [Common 17-206] Exiting Vivado at Fri Mar  7 10:55:00 2025...
